<?xml version="1.0" encoding="UTF-8"?>
<coverage generated="1687904063840" clover="3.2.0">
  <project timestamp="1687904063840" name="All files">
    <metrics statements="38" coveredstatements="38" conditionals="12" coveredconditionals="12" methods="7" coveredmethods="7" elements="57" coveredelements="57" complexity="0" loc="38" ncloc="38" packages="1" files="1" classes="1"/>
    <file name="textProcessor.js" path="/Users/judithsanchez/Desktop/code/text-processor/textProcessor.js">
      <metrics statements="38" coveredstatements="38" conditionals="12" coveredconditionals="12" methods="7" coveredmethods="7"/>
      <line num="2" count="1" type="stmt"/>
      <line num="5" count="18" type="stmt"/>
      <line num="42" count="18" type="cond" truecount="2" falsecount="0"/>
      <line num="43" count="1" type="stmt"/>
      <line num="46" count="17" type="cond" truecount="2" falsecount="0"/>
      <line num="47" count="1" type="stmt"/>
      <line num="52" count="16" type="stmt"/>
      <line num="56" count="16" type="stmt"/>
      <line num="57" count="400" type="stmt"/>
      <line num="61" count="16" type="stmt"/>
      <line num="65" count="16" type="stmt"/>
      <line num="69" count="400" type="stmt"/>
      <line num="70" count="400" type="stmt"/>
      <line num="71" count="400" type="stmt"/>
      <line num="73" count="400" type="stmt"/>
      <line num="74" count="2848" type="stmt"/>
      <line num="76" count="2848" type="stmt"/>
      <line num="77" count="3520" type="stmt"/>
      <line num="79" count="3520" type="stmt"/>
      <line num="85" count="3520" type="cond" truecount="2" falsecount="0"/>
      <line num="86" count="2848" type="stmt"/>
      <line num="89" count="3520" type="stmt"/>
      <line num="90" count="3520" type="stmt"/>
      <line num="94" count="400" type="stmt"/>
      <line num="98" count="2848" type="stmt"/>
      <line num="99" count="2848" type="stmt"/>
      <line num="101" count="2848" type="stmt"/>
      <line num="102" count="17472" type="cond" truecount="2" falsecount="0"/>
      <line num="103" count="672" type="cond" truecount="2" falsecount="0"/>
      <line num="104" count="624" type="stmt"/>
      <line num="105" count="624" type="stmt"/>
      <line num="107" count="672" type="stmt"/>
      <line num="109" count="16800" type="stmt"/>
      <line num="113" count="2848" type="cond" truecount="2" falsecount="0"/>
      <line num="114" count="2224" type="stmt"/>
      <line num="117" count="2848" type="stmt"/>
      <line num="121" count="20992" type="stmt"/>
      <line num="125" count="1" type="stmt"/>
    </file>
  </project>
</coverage>
