<?xml version="1.0" encoding="UTF-8"?>
<coverage generated="1688239088901" clover="3.2.0">
  <project timestamp="1688239088903" name="All files">
    <metrics statements="40" coveredstatements="40" conditionals="12" coveredconditionals="12" methods="7" coveredmethods="7" elements="59" coveredelements="59" complexity="0" loc="40" ncloc="40" packages="1" files="1" classes="1"/>
    <file name="textProcessor.js" path="/Users/judithsanchez/Desktop/code/text-processor/textProcessor.js">
      <metrics statements="40" coveredstatements="40" conditionals="12" coveredconditionals="12" methods="7" coveredmethods="7"/>
      <line num="7" count="1" type="stmt"/>
      <line num="10" count="21" type="stmt"/>
      <line num="47" count="21" type="cond" truecount="2" falsecount="0"/>
      <line num="48" count="1" type="stmt"/>
      <line num="51" count="20" type="cond" truecount="2" falsecount="0"/>
      <line num="52" count="1" type="stmt"/>
      <line num="57" count="19" type="stmt"/>
      <line num="61" count="19" type="stmt"/>
      <line num="62" count="427" type="stmt"/>
      <line num="66" count="19" type="stmt"/>
      <line num="70" count="19" type="stmt"/>
      <line num="74" count="427" type="stmt"/>
      <line num="75" count="427" type="stmt"/>
      <line num="76" count="427" type="stmt"/>
      <line num="78" count="427" type="stmt"/>
      <line num="79" count="3042" type="stmt"/>
      <line num="81" count="3042" type="stmt"/>
      <line num="82" count="3764" type="stmt"/>
      <line num="84" count="3764" type="stmt"/>
      <line num="90" count="3764" type="cond" truecount="2" falsecount="0"/>
      <line num="91" count="3040" type="stmt"/>
      <line num="94" count="3764" type="stmt"/>
      <line num="95" count="3764" type="stmt"/>
      <line num="99" count="427" type="stmt"/>
      <line num="103" count="3042" type="stmt"/>
      <line num="104" count="3042" type="stmt"/>
      <line num="106" count="3042" type="stmt"/>
      <line num="107" count="18628" type="cond" truecount="2" falsecount="0"/>
      <line num="108" count="724" type="cond" truecount="2" falsecount="0"/>
      <line num="109" count="669" type="stmt"/>
      <line num="110" count="669" type="stmt"/>
      <line num="112" count="724" type="stmt"/>
      <line num="114" count="17904" type="stmt"/>
      <line num="118" count="3042" type="cond" truecount="2" falsecount="0"/>
      <line num="119" count="2371" type="stmt"/>
      <line num="122" count="3042" type="stmt"/>
      <line num="126" count="22392" type="stmt"/>
      <line num="130" count="1" type="stmt"/>
      <line num="134" count="1" type="stmt"/>
      <line num="136" count="1" type="stmt"/>
    </file>
  </project>
</coverage>
