{"/Users/judithsanchez/Desktop/code/text-processor/textProcessor.js": {"path":"/Users/judithsanchez/Desktop/code/text-processor/textProcessor.js","statementMap":{"0":{"start":{"line":2,"column":2},"end":{"line":2,"column":1273}},"1":{"start":{"line":5,"column":21},"end":{"line":39,"column":3}},"2":{"start":{"line":42,"column":4},"end":{"line":44,"column":5}},"3":{"start":{"line":43,"column":6},"end":{"line":43,"column":78}},"4":{"start":{"line":46,"column":4},"end":{"line":50,"column":5}},"5":{"start":{"line":47,"column":6},"end":{"line":49,"column":8}},"6":{"start":{"line":52,"column":4},"end":{"line":52,"column":48}},"7":{"start":{"line":56,"column":22},"end":{"line":56,"column":50}},"8":{"start":{"line":57,"column":19},"end":{"line":60,"column":7}},"9":{"start":{"line":57,"column":55},"end":{"line":60,"column":5}},"10":{"start":{"line":61,"column":4},"end":{"line":61,"column":18}},"11":{"start":{"line":65,"column":4},"end":{"line":65,"column":36}},"12":{"start":{"line":69,"column":18},"end":{"line":69,"column":37}},"13":{"start":{"line":70,"column":30},"end":{"line":70,"column":32}},"14":{"start":{"line":71,"column":18},"end":{"line":71,"column":19}},"15":{"start":{"line":73,"column":4},"end":{"line":92,"column":5}},"16":{"start":{"line":74,"column":21},"end":{"line":74,"column":44}},"17":{"start":{"line":76,"column":6},"end":{"line":91,"column":7}},"18":{"start":{"line":77,"column":34},"end":{"line":77,"column":59}},"19":{"start":{"line":79,"column":28},"end":{"line":83,"column":9}},"20":{"start":{"line":85,"column":8},"end":{"line":87,"column":9}},"21":{"start":{"line":86,"column":10},"end":{"line":86,"column":63}},"22":{"start":{"line":89,"column":8},"end":{"line":89,"column":44}},"23":{"start":{"line":90,"column":8},"end":{"line":90,"column":18}},"24":{"start":{"line":94,"column":4},"end":{"line":94,"column":29}},"25":{"start":{"line":98,"column":26},"end":{"line":98,"column":28}},"26":{"start":{"line":99,"column":23},"end":{"line":99,"column":25}},"27":{"start":{"line":101,"column":4},"end":{"line":111,"column":5}},"28":{"start":{"line":102,"column":6},"end":{"line":110,"column":7}},"29":{"start":{"line":103,"column":8},"end":{"line":106,"column":9}},"30":{"start":{"line":104,"column":10},"end":{"line":104,"column":43}},"31":{"start":{"line":105,"column":10},"end":{"line":105,"column":28}},"32":{"start":{"line":107,"column":8},"end":{"line":107,"column":33}},"33":{"start":{"line":109,"column":8},"end":{"line":109,"column":29}},"34":{"start":{"line":113,"column":4},"end":{"line":115,"column":5}},"35":{"start":{"line":114,"column":6},"end":{"line":114,"column":39}},"36":{"start":{"line":117,"column":4},"end":{"line":117,"column":25}},"37":{"start":{"line":121,"column":4},"end":{"line":121,"column":48}},"38":{"start":{"line":125,"column":0},"end":{"line":125,"column":31}}},"fnMap":{"0":{"name":"(anonymous_0)","decl":{"start":{"line":41,"column":2},"end":{"line":41,"column":3}},"loc":{"start":{"line":41,"column":20},"end":{"line":53,"column":3}},"line":41},"1":{"name":"(anonymous_1)","decl":{"start":{"line":55,"column":2},"end":{"line":55,"column":3}},"loc":{"start":{"line":55,"column":20},"end":{"line":62,"column":3}},"line":55},"2":{"name":"(anonymous_2)","decl":{"start":{"line":57,"column":33},"end":{"line":57,"column":34}},"loc":{"start":{"line":57,"column":55},"end":{"line":60,"column":5}},"line":57},"3":{"name":"(anonymous_3)","decl":{"start":{"line":64,"column":2},"end":{"line":64,"column":3}},"loc":{"start":{"line":64,"column":26},"end":{"line":66,"column":3}},"line":64},"4":{"name":"(anonymous_4)","decl":{"start":{"line":68,"column":2},"end":{"line":68,"column":3}},"loc":{"start":{"line":68,"column":29},"end":{"line":95,"column":3}},"line":68},"5":{"name":"(anonymous_5)","decl":{"start":{"line":97,"column":2},"end":{"line":97,"column":3}},"loc":{"start":{"line":97,"column":21},"end":{"line":118,"column":3}},"line":97},"6":{"name":"(anonymous_6)","decl":{"start":{"line":120,"column":2},"end":{"line":120,"column":3}},"loc":{"start":{"line":120,"column":22},"end":{"line":122,"column":3}},"line":120}},"branchMap":{"0":{"loc":{"start":{"line":42,"column":4},"end":{"line":44,"column":5}},"type":"if","locations":[{"start":{"line":42,"column":4},"end":{"line":44,"column":5}},{"start":{},"end":{}}],"line":42},"1":{"loc":{"start":{"line":46,"column":4},"end":{"line":50,"column":5}},"type":"if","locations":[{"start":{"line":46,"column":4},"end":{"line":50,"column":5}},{"start":{},"end":{}}],"line":46},"2":{"loc":{"start":{"line":85,"column":8},"end":{"line":87,"column":9}},"type":"if","locations":[{"start":{"line":85,"column":8},"end":{"line":87,"column":9}},{"start":{},"end":{}}],"line":85},"3":{"loc":{"start":{"line":102,"column":6},"end":{"line":110,"column":7}},"type":"if","locations":[{"start":{"line":102,"column":6},"end":{"line":110,"column":7}},{"start":{"line":108,"column":13},"end":{"line":110,"column":7}}],"line":102},"4":{"loc":{"start":{"line":103,"column":8},"end":{"line":106,"column":9}},"type":"if","locations":[{"start":{"line":103,"column":8},"end":{"line":106,"column":9}},{"start":{},"end":{}}],"line":103},"5":{"loc":{"start":{"line":113,"column":4},"end":{"line":115,"column":5}},"type":"if","locations":[{"start":{"line":113,"column":4},"end":{"line":115,"column":5}},{"start":{},"end":{}}],"line":113}},"s":{"0":1,"1":18,"2":18,"3":1,"4":17,"5":1,"6":16,"7":16,"8":16,"9":400,"10":16,"11":16,"12":400,"13":400,"14":400,"15":400,"16":2848,"17":2848,"18":3520,"19":3520,"20":3520,"21":2848,"22":3520,"23":3520,"24":400,"25":2848,"26":2848,"27":2848,"28":17472,"29":672,"30":624,"31":624,"32":672,"33":16800,"34":2848,"35":2224,"36":2848,"37":20992,"38":1},"f":{"0":18,"1":16,"2":400,"3":16,"4":400,"5":2848,"6":20992},"b":{"0":[1,17],"1":[1,16],"2":[2848,672],"3":[672,16800],"4":[624,48],"5":[2224,624]},"_coverageSchema":"1a1c01bbd47fc00a2c39e90264f33305004495a9","hash":"d053ee5fe5d5fb8597302243bfccd36275ab4339"}
}
