{"/Users/judithsanchez/Desktop/code/text-processor/textProcessor.js": {"path":"/Users/judithsanchez/Desktop/code/text-processor/textProcessor.js","statementMap":{"0":{"start":{"line":7,"column":2},"end":{"line":7,"column":1273}},"1":{"start":{"line":10,"column":21},"end":{"line":44,"column":4}},"2":{"start":{"line":47,"column":4},"end":{"line":49,"column":5}},"3":{"start":{"line":48,"column":6},"end":{"line":48,"column":78}},"4":{"start":{"line":51,"column":4},"end":{"line":55,"column":5}},"5":{"start":{"line":52,"column":6},"end":{"line":54,"column":8}},"6":{"start":{"line":57,"column":4},"end":{"line":57,"column":48}},"7":{"start":{"line":61,"column":22},"end":{"line":61,"column":50}},"8":{"start":{"line":62,"column":19},"end":{"line":65,"column":7}},"9":{"start":{"line":62,"column":55},"end":{"line":65,"column":5}},"10":{"start":{"line":66,"column":4},"end":{"line":66,"column":18}},"11":{"start":{"line":70,"column":4},"end":{"line":70,"column":36}},"12":{"start":{"line":74,"column":18},"end":{"line":74,"column":37}},"13":{"start":{"line":75,"column":30},"end":{"line":75,"column":32}},"14":{"start":{"line":76,"column":18},"end":{"line":76,"column":19}},"15":{"start":{"line":78,"column":4},"end":{"line":97,"column":5}},"16":{"start":{"line":79,"column":21},"end":{"line":79,"column":44}},"17":{"start":{"line":81,"column":6},"end":{"line":96,"column":7}},"18":{"start":{"line":82,"column":34},"end":{"line":82,"column":59}},"19":{"start":{"line":84,"column":28},"end":{"line":88,"column":9}},"20":{"start":{"line":90,"column":8},"end":{"line":92,"column":9}},"21":{"start":{"line":91,"column":10},"end":{"line":91,"column":63}},"22":{"start":{"line":94,"column":8},"end":{"line":94,"column":44}},"23":{"start":{"line":95,"column":8},"end":{"line":95,"column":18}},"24":{"start":{"line":99,"column":4},"end":{"line":99,"column":29}},"25":{"start":{"line":103,"column":26},"end":{"line":103,"column":28}},"26":{"start":{"line":104,"column":23},"end":{"line":104,"column":25}},"27":{"start":{"line":106,"column":4},"end":{"line":116,"column":5}},"28":{"start":{"line":107,"column":6},"end":{"line":115,"column":7}},"29":{"start":{"line":108,"column":8},"end":{"line":111,"column":9}},"30":{"start":{"line":109,"column":10},"end":{"line":109,"column":43}},"31":{"start":{"line":110,"column":10},"end":{"line":110,"column":28}},"32":{"start":{"line":112,"column":8},"end":{"line":112,"column":33}},"33":{"start":{"line":114,"column":8},"end":{"line":114,"column":29}},"34":{"start":{"line":118,"column":4},"end":{"line":120,"column":5}},"35":{"start":{"line":119,"column":6},"end":{"line":119,"column":39}},"36":{"start":{"line":122,"column":4},"end":{"line":122,"column":25}},"37":{"start":{"line":126,"column":4},"end":{"line":126,"column":43}},"38":{"start":{"line":130,"column":23},"end":{"line":132,"column":1}},"39":{"start":{"line":134,"column":0},"end":{"line":134,"column":28}},"40":{"start":{"line":136,"column":0},"end":{"line":136,"column":31}}},"fnMap":{"0":{"name":"(anonymous_0)","decl":{"start":{"line":46,"column":2},"end":{"line":46,"column":3}},"loc":{"start":{"line":46,"column":20},"end":{"line":58,"column":3}},"line":46},"1":{"name":"(anonymous_1)","decl":{"start":{"line":60,"column":2},"end":{"line":60,"column":3}},"loc":{"start":{"line":60,"column":20},"end":{"line":67,"column":3}},"line":60},"2":{"name":"(anonymous_2)","decl":{"start":{"line":62,"column":33},"end":{"line":62,"column":34}},"loc":{"start":{"line":62,"column":55},"end":{"line":65,"column":5}},"line":62},"3":{"name":"(anonymous_3)","decl":{"start":{"line":69,"column":2},"end":{"line":69,"column":3}},"loc":{"start":{"line":69,"column":26},"end":{"line":71,"column":3}},"line":69},"4":{"name":"(anonymous_4)","decl":{"start":{"line":73,"column":2},"end":{"line":73,"column":3}},"loc":{"start":{"line":73,"column":29},"end":{"line":100,"column":3}},"line":73},"5":{"name":"(anonymous_5)","decl":{"start":{"line":102,"column":2},"end":{"line":102,"column":3}},"loc":{"start":{"line":102,"column":21},"end":{"line":123,"column":3}},"line":102},"6":{"name":"(anonymous_6)","decl":{"start":{"line":125,"column":2},"end":{"line":125,"column":3}},"loc":{"start":{"line":125,"column":22},"end":{"line":127,"column":3}},"line":125}},"branchMap":{"0":{"loc":{"start":{"line":47,"column":4},"end":{"line":49,"column":5}},"type":"if","locations":[{"start":{"line":47,"column":4},"end":{"line":49,"column":5}},{"start":{},"end":{}}],"line":47},"1":{"loc":{"start":{"line":51,"column":4},"end":{"line":55,"column":5}},"type":"if","locations":[{"start":{"line":51,"column":4},"end":{"line":55,"column":5}},{"start":{},"end":{}}],"line":51},"2":{"loc":{"start":{"line":90,"column":8},"end":{"line":92,"column":9}},"type":"if","locations":[{"start":{"line":90,"column":8},"end":{"line":92,"column":9}},{"start":{},"end":{}}],"line":90},"3":{"loc":{"start":{"line":107,"column":6},"end":{"line":115,"column":7}},"type":"if","locations":[{"start":{"line":107,"column":6},"end":{"line":115,"column":7}},{"start":{"line":113,"column":13},"end":{"line":115,"column":7}}],"line":107},"4":{"loc":{"start":{"line":108,"column":8},"end":{"line":111,"column":9}},"type":"if","locations":[{"start":{"line":108,"column":8},"end":{"line":111,"column":9}},{"start":{},"end":{}}],"line":108},"5":{"loc":{"start":{"line":118,"column":4},"end":{"line":120,"column":5}},"type":"if","locations":[{"start":{"line":118,"column":4},"end":{"line":120,"column":5}},{"start":{},"end":{}}],"line":118}},"s":{"0":1,"1":21,"2":21,"3":1,"4":20,"5":1,"6":19,"7":19,"8":19,"9":427,"10":19,"11":19,"12":427,"13":427,"14":427,"15":427,"16":3042,"17":3042,"18":3764,"19":3764,"20":3764,"21":3040,"22":3764,"23":3764,"24":427,"25":3042,"26":3042,"27":3042,"28":18628,"29":724,"30":669,"31":669,"32":724,"33":17904,"34":3042,"35":2371,"36":3042,"37":22392,"38":1,"39":1,"40":1},"f":{"0":21,"1":19,"2":427,"3":19,"4":427,"5":3042,"6":22392},"b":{"0":[1,20],"1":[1,19],"2":[3040,724],"3":[724,17904],"4":[669,55],"5":[2371,671]},"_coverageSchema":"1a1c01bbd47fc00a2c39e90264f33305004495a9","hash":"000e0337009df0aaf5f8b5702030289fc3e94283"}
}
