TN:
SF:textProcessor.js
FN:46,(anonymous_0)
FN:60,(anonymous_1)
FN:62,(anonymous_2)
FN:69,(anonymous_3)
FN:73,(anonymous_4)
FN:102,(anonymous_5)
FN:125,(anonymous_6)
FNF:7
FNH:7
FNDA:21,(anonymous_0)
FNDA:19,(anonymous_1)
FNDA:427,(anonymous_2)
FNDA:19,(anonymous_3)
FNDA:427,(anonymous_4)
FNDA:3042,(anonymous_5)
FNDA:22392,(anonymous_6)
DA:7,1
DA:10,21
DA:47,21
DA:48,1
DA:51,20
DA:52,1
DA:57,19
DA:61,19
DA:62,427
DA:66,19
DA:70,19
DA:74,427
DA:75,427
DA:76,427
DA:78,427
DA:79,3042
DA:81,3042
DA:82,3764
DA:84,3764
DA:90,3764
DA:91,3040
DA:94,3764
DA:95,3764
DA:99,427
DA:103,3042
DA:104,3042
DA:106,3042
DA:107,18628
DA:108,724
DA:109,669
DA:110,669
DA:112,724
DA:114,17904
DA:118,3042
DA:119,2371
DA:122,3042
DA:126,22392
DA:130,1
DA:134,1
DA:136,1
LF:40
LH:40
BRDA:47,0,0,1
BRDA:47,0,1,20
BRDA:51,1,0,1
BRDA:51,1,1,19
BRDA:90,2,0,3040
BRDA:90,2,1,724
BRDA:107,3,0,724
BRDA:107,3,1,17904
BRDA:108,4,0,669
BRDA:108,4,1,55
BRDA:118,5,0,2371
BRDA:118,5,1,671
BRF:12
BRH:12
end_of_record
