TN:
SF:textProcessor.js
FN:41,(anonymous_0)
FN:55,(anonymous_1)
FN:57,(anonymous_2)
FN:64,(anonymous_3)
FN:68,(anonymous_4)
FN:97,(anonymous_5)
FN:120,(anonymous_6)
FNF:7
FNH:7
FNDA:18,(anonymous_0)
FNDA:16,(anonymous_1)
FNDA:400,(anonymous_2)
FNDA:16,(anonymous_3)
FNDA:400,(anonymous_4)
FNDA:2848,(anonymous_5)
FNDA:20992,(anonymous_6)
DA:2,1
DA:5,18
DA:42,18
DA:43,1
DA:46,17
DA:47,1
DA:52,16
DA:56,16
DA:57,400
DA:61,16
DA:65,16
DA:69,400
DA:70,400
DA:71,400
DA:73,400
DA:74,2848
DA:76,2848
DA:77,3520
DA:79,3520
DA:85,3520
DA:86,2848
DA:89,3520
DA:90,3520
DA:94,400
DA:98,2848
DA:99,2848
DA:101,2848
DA:102,17472
DA:103,672
DA:104,624
DA:105,624
DA:107,672
DA:109,16800
DA:113,2848
DA:114,2224
DA:117,2848
DA:121,20992
DA:125,1
LF:38
LH:38
BRDA:42,0,0,1
BRDA:42,0,1,17
BRDA:46,1,0,1
BRDA:46,1,1,16
BRDA:85,2,0,2848
BRDA:85,2,1,672
BRDA:102,3,0,672
BRDA:102,3,1,16800
BRDA:103,4,0,624
BRDA:103,4,1,48
BRDA:113,5,0,2224
BRDA:113,5,1,624
BRF:12
BRH:12
end_of_record
